app/build/intermediates/manifest_merge_blame_file/greenFileSystemDebug/manifest-merger-blame-greenFileSystem-debug-report.txt
1<?xml version="1.0" encoding="utf-8"?>
2<manifest xmlns:android="http://schemas.android.com/apk/res/android"
3    package="com.spoonart.scanmecalculator"
4    android:versionCode="1"
5    android:versionName="1.0.green.filesystem" >
6
7    <uses-sdk
8        android:minSdkVersion="21"
8-->src\main\AndroidManifest.xml
9        android:targetSdkVersion="32" />
9-->src\main\AndroidManifest.xml
10
11    <uses-permission android:name="android.permission.CAMERA" />
11-->src\main\AndroidManifest.xml:5:5-65
11-->src\main\AndroidManifest.xml:5:22-62
12    <uses-permission android:name="android.permission.INTERNET" />
12-->src\main\AndroidManifest.xml:6:5-67
12-->src\main\AndroidManifest.xml:6:22-64
13    <uses-permission android:name="android.permission.READ_EXTERNAL_STORAGE" />
13-->src\main\AndroidManifest.xml:7:5-80
13-->src\main\AndroidManifest.xml:7:22-77
14    <uses-permission android:name="android.permission.WRITE_EXTERNAL_STORAGE" />
14-->src\main\AndroidManifest.xml:8:5-81
14-->src\main\AndroidManifest.xml:8:22-78
15
16    <!-- Although the *SdkVersion is captured in gradle build files, this is required for non gradle builds -->
17    <!-- <uses-sdk android:minSdkVersion="14"/> -->
18    <uses-permission android:name="android.permission.ACCESS_NETWORK_STATE" />
18-->[com.google.android.datatransport:transport-backend-cct:2.3.3] AndroidManifest.xml:25:5-79
18-->[com.google.android.datatransport:transport-backend-cct:2.3.3] AndroidManifest.xml:25:22-76
19
20    <application
20-->src\main\AndroidManifest.xml:10:5-48:19
21        android:name="com.spoonart.scanmecalculator.CalculatorApplication"
21-->src\main\AndroidManifest.xml:11:9-46
22        android:allowBackup="true"
22-->src\main\AndroidManifest.xml:12:9-35
23        android:appComponentFactory="androidx.core.app.CoreComponentFactory"
23-->[androidx.core:core:1.8.0] AndroidManifest.xml:24:18-86
24        android:dataExtractionRules="@xml/data_extraction_rules"
24-->src\main\AndroidManifest.xml:13:9-65
25        android:debuggable="true"
26        android:fullBackupContent="@xml/backup_rules"
26-->src\main\AndroidManifest.xml:14:9-54
27        android:icon="@mipmap/ic_launcher"
27-->src\main\AndroidManifest.xml:15:9-43
28        android:label="@string/app_name"
28-->src\main\AndroidManifest.xml:16:9-41
29        android:roundIcon="@mipmap/ic_launcher_round"
29-->src\main\AndroidManifest.xml:17:9-54
30        android:supportsRtl="true"
30-->src\main\AndroidManifest.xml:18:9-35
31        android:testOnly="true"
32        android:theme="@style/Theme.ScanMeCalculator" >
32-->src\main\AndroidManifest.xml:19:9-54
33        <activity
33-->src\main\AndroidManifest.xml:21:9-36:20
34            android:name="com.spoonart.scanmecalculator.ui.MainActivity"
34-->src\main\AndroidManifest.xml:22:13-44
35            android:exported="true"
35-->src\main\AndroidManifest.xml:23:13-36
36            android:label="@string/app_name"
36-->src\main\AndroidManifest.xml:24:13-45
37            android:screenOrientation="portrait"
37-->src\main\AndroidManifest.xml:25:13-49
38            android:theme="@style/Theme.ScanMeCalculator" >
38-->src\main\AndroidManifest.xml:26:13-58
39            <intent-filter>
39-->src\main\AndroidManifest.xml:27:13-31:29
40                <action android:name="android.intent.action.MAIN" />
40-->src\main\AndroidManifest.xml:28:17-69
40-->src\main\AndroidManifest.xml:28:25-66
41
42                <category android:name="android.intent.category.LAUNCHER" />
42-->src\main\AndroidManifest.xml:30:17-77
42-->src\main\AndroidManifest.xml:30:27-74
43            </intent-filter>
44
45            <meta-data
45-->src\main\AndroidManifest.xml:33:13-35:36
46                android:name="android.app.lib_name"
46-->src\main\AndroidManifest.xml:34:17-52
47                android:value="" />
47-->src\main\AndroidManifest.xml:35:17-33
48        </activity>
49
50        <meta-data
50-->src\main\AndroidManifest.xml:38:9-40:35
51            android:name="com.google.mlkit.vision.DEPENDENCIES"
51-->src\main\AndroidManifest.xml:39:13-64
52            android:value="ocr" />
52-->src\main\AndroidManifest.xml:40:13-32
53
54        <provider
54-->src\main\AndroidManifest.xml:42:9-46:50
55            android:name="com.spoonart.scanmecalculator.ui.screen.ComposeFileProvider"
55-->src\main\AndroidManifest.xml:43:13-58
56            android:authorities="com.spoonart.scanmecalculator.fileprovider"
56-->src\main\AndroidManifest.xml:44:13-77
57            android:exported="false"
57-->src\main\AndroidManifest.xml:45:13-37
58            android:grantUriPermissions="true" />
58-->src\main\AndroidManifest.xml:46:13-47
59
60        <activity
60-->[androidx.compose.ui:ui-tooling:1.1.1] AndroidManifest.xml:25:9-27:39
61            android:name="androidx.compose.ui.tooling.PreviewActivity"
61-->[androidx.compose.ui:ui-tooling:1.1.1] AndroidManifest.xml:26:13-71
62            android:exported="true" />
62-->[androidx.compose.ui:ui-tooling:1.1.1] AndroidManifest.xml:27:13-36
63        <activity
63-->[androidx.compose.ui:ui-test-manifest:1.1.1] AndroidManifest.xml:25:9-27:39
64            android:name="androidx.activity.ComponentActivity"
64-->[androidx.compose.ui:ui-test-manifest:1.1.1] AndroidManifest.xml:26:13-63
65            android:exported="true" />
65-->[androidx.compose.ui:ui-test-manifest:1.1.1] AndroidManifest.xml:27:13-36
66
67        <service
67-->[com.google.android.gms:play-services-mlkit-text-recognition-common:18.0.0] AndroidManifest.xml:9:9-15:19
68            android:name="com.google.mlkit.common.internal.MlKitComponentDiscoveryService"
68-->[com.google.android.gms:play-services-mlkit-text-recognition-common:18.0.0] AndroidManifest.xml:10:13-91
69            android:directBootAware="true"
69-->[com.google.mlkit:common:18.5.0] AndroidManifest.xml:17:13-43
70            android:exported="false" >
70-->[com.google.android.gms:play-services-mlkit-text-recognition-common:18.0.0] AndroidManifest.xml:11:13-37
71            <meta-data
71-->[com.google.android.gms:play-services-mlkit-text-recognition-common:18.0.0] AndroidManifest.xml:12:13-14:85
72                android:name="com.google.firebase.components:com.google.mlkit.vision.text.internal.TextRegistrar"
72-->[com.google.android.gms:play-services-mlkit-text-recognition-common:18.0.0] AndroidManifest.xml:13:17-114
73                android:value="com.google.firebase.components.ComponentRegistrar" />
73-->[com.google.android.gms:play-services-mlkit-text-recognition-common:18.0.0] AndroidManifest.xml:14:17-82
74            <meta-data
74-->[com.google.mlkit:vision-common:17.2.1] AndroidManifest.xml:12:13-14:85
75                android:name="com.google.firebase.components:com.google.mlkit.vision.common.internal.VisionCommonRegistrar"
75-->[com.google.mlkit:vision-common:17.2.1] AndroidManifest.xml:13:17-124
76                android:value="com.google.firebase.components.ComponentRegistrar" />
76-->[com.google.mlkit:vision-common:17.2.1] AndroidManifest.xml:14:17-82
77            <meta-data
77-->[com.google.mlkit:common:18.5.0] AndroidManifest.xml:20:13-22:85
78                android:name="com.google.firebase.components:com.google.mlkit.common.internal.CommonComponentRegistrar"
78-->[com.google.mlkit:common:18.5.0] AndroidManifest.xml:21:17-120
79                android:value="com.google.firebase.components.ComponentRegistrar" />
79-->[com.google.mlkit:common:18.5.0] AndroidManifest.xml:22:17-82
80        </service>
81
82        <provider
82-->[com.google.mlkit:common:18.5.0] AndroidManifest.xml:9:9-13:38
83            android:name="com.google.mlkit.common.internal.MlKitInitProvider"
83-->[com.google.mlkit:common:18.5.0] AndroidManifest.xml:10:13-78
84            android:authorities="com.spoonart.scanmecalculator.mlkitinitprovider"
84-->[com.google.mlkit:common:18.5.0] AndroidManifest.xml:11:13-69
85            android:exported="false"
85-->[com.google.mlkit:common:18.5.0] AndroidManifest.xml:12:13-37
86            android:initOrder="99" />
86-->[com.google.mlkit:common:18.5.0] AndroidManifest.xml:13:13-35
87
88        <activity
88-->[com.google.android.gms:play-services-base:18.1.0] AndroidManifest.xml:20:9-22:45
89            android:name="com.google.android.gms.common.api.GoogleApiActivity"
89-->[com.google.android.gms:play-services-base:18.1.0] AndroidManifest.xml:20:19-85
90            android:exported="false"
90-->[com.google.android.gms:play-services-base:18.1.0] AndroidManifest.xml:22:19-43
91            android:theme="@android:style/Theme.Translucent.NoTitleBar" />
91-->[com.google.android.gms:play-services-base:18.1.0] AndroidManifest.xml:21:19-78
92
93        <meta-data
93-->[com.google.android.gms:play-services-basement:18.1.0] AndroidManifest.xml:21:9-23:69
94            android:name="com.google.android.gms.version"
94-->[com.google.android.gms:play-services-basement:18.1.0] AndroidManifest.xml:22:13-58
95            android:value="@integer/google_play_services_version" />
95-->[com.google.android.gms:play-services-basement:18.1.0] AndroidManifest.xml:23:13-66
96
97        <service
97-->[androidx.room:room-runtime:2.4.3] AndroidManifest.xml:25:9-28:40
98            android:name="androidx.room.MultiInstanceInvalidationService"
98-->[androidx.room:room-runtime:2.4.3] AndroidManifest.xml:26:13-74
99            android:directBootAware="true"
99-->[androidx.room:room-runtime:2.4.3] AndroidManifest.xml:27:13-43
100            android:exported="false" />
100-->[androidx.room:room-runtime:2.4.3] AndroidManifest.xml:28:13-37
101
102        <provider
102-->[androidx.profileinstaller:profileinstaller:1.1.0] AndroidManifest.xml:26:9-34:20
103            android:name="androidx.startup.InitializationProvider"
103-->[androidx.profileinstaller:profileinstaller:1.1.0] AndroidManifest.xml:27:13-67
104            android:authorities="com.spoonart.scanmecalculator.androidx-startup"
104-->[androidx.profileinstaller:profileinstaller:1.1.0] AndroidManifest.xml:28:13-68
105            android:exported="false" >
105-->[androidx.profileinstaller:profileinstaller:1.1.0] AndroidManifest.xml:29:13-37
106            <meta-data
106-->[androidx.profileinstaller:profileinstaller:1.1.0] AndroidManifest.xml:31:13-33:52
107                android:name="androidx.profileinstaller.ProfileInstallerInitializer"
107-->[androidx.profileinstaller:profileinstaller:1.1.0] AndroidManifest.xml:32:17-85
108                android:value="androidx.startup" />
108-->[androidx.profileinstaller:profileinstaller:1.1.0] AndroidManifest.xml:33:17-49
109        </provider>
110
111        <receiver
111-->[androidx.profileinstaller:profileinstaller:1.1.0] AndroidManifest.xml:36:9-45:20
112            android:name="androidx.profileinstaller.ProfileInstallReceiver"
112-->[androidx.profileinstaller:profileinstaller:1.1.0] AndroidManifest.xml:37:13-76
113            android:directBootAware="false"
113-->[androidx.profileinstaller:profileinstaller:1.1.0] AndroidManifest.xml:38:13-44
114            android:enabled="true"
114-->[androidx.profileinstaller:profileinstaller:1.1.0] AndroidManifest.xml:39:13-35
115            android:exported="true"
115-->[androidx.profileinstaller:profileinstaller:1.1.0] AndroidManifest.xml:40:13-36
116            android:permission="android.permission.DUMP" >
116-->[androidx.profileinstaller:profileinstaller:1.1.0] AndroidManifest.xml:41:13-57
117            <intent-filter>
117-->[androidx.profileinstaller:profileinstaller:1.1.0] AndroidManifest.xml:42:13-44:29
118                <action android:name="androidx.profileinstaller.action.INSTALL_PROFILE" />
118-->[androidx.profileinstaller:profileinstaller:1.1.0] AndroidManifest.xml:43:17-91
118-->[androidx.profileinstaller:profileinstaller:1.1.0] AndroidManifest.xml:43:25-88
119            </intent-filter>
120        </receiver>
121
122        <service
122-->[com.google.android.datatransport:transport-backend-cct:2.3.3] AndroidManifest.xml:29:9-35:19
123            android:name="com.google.android.datatransport.runtime.backends.TransportBackendDiscovery"
123-->[com.google.android.datatransport:transport-backend-cct:2.3.3] AndroidManifest.xml:30:13-103
124            android:exported="false" >
124-->[com.google.android.datatransport:transport-backend-cct:2.3.3] AndroidManifest.xml:31:13-37
125            <meta-data
125-->[com.google.android.datatransport:transport-backend-cct:2.3.3] AndroidManifest.xml:32:13-34:39
126                android:name="backend:com.google.android.datatransport.cct.CctBackendFactory"
126-->[com.google.android.datatransport:transport-backend-cct:2.3.3] AndroidManifest.xml:33:17-94
127                android:value="cct" />
127-->[com.google.android.datatransport:transport-backend-cct:2.3.3] AndroidManifest.xml:34:17-36
128        </service>
129        <service
129-->[com.google.android.datatransport:transport-runtime:2.2.6] AndroidManifest.xml:26:9-30:19
130            android:name="com.google.android.datatransport.runtime.scheduling.jobscheduling.JobInfoSchedulerService"
130-->[com.google.android.datatransport:transport-runtime:2.2.6] AndroidManifest.xml:27:13-117
131            android:exported="false"
131-->[com.google.android.datatransport:transport-runtime:2.2.6] AndroidManifest.xml:28:13-37
132            android:permission="android.permission.BIND_JOB_SERVICE" >
132-->[com.google.android.datatransport:transport-runtime:2.2.6] AndroidManifest.xml:29:13-69
133        </service>
134
135        <receiver
135-->[com.google.android.datatransport:transport-runtime:2.2.6] AndroidManifest.xml:32:9-34:40
136            android:name="com.google.android.datatransport.runtime.scheduling.jobscheduling.AlarmManagerSchedulerBroadcastReceiver"
136-->[com.google.android.datatransport:transport-runtime:2.2.6] AndroidManifest.xml:33:13-132
137            android:exported="false" />
137-->[com.google.android.datatransport:transport-runtime:2.2.6] AndroidManifest.xml:34:13-37
138    </application>
139
140</manifest>